[2023-07-03T05:40:03.774Z] App listening at port 3000
[2023-07-03T05:40:03.981Z] Successfully connected
[2023-07-03T05:41:03.261Z] New Request from 13521000
[2023-07-03T05:41:04.136Z] Successfully fetch data
[2023-07-03T05:41:04.136Z] Waiting for writing date to sheet...
[2023-07-03T05:41:04.681Z] Successfully fetch data
[2023-07-03T05:41:04.681Z] 13521000 has submited part a
[2023-07-03T05:41:20.537Z] New Request from 13521000
[2023-07-03T05:41:21.142Z] Successfully fetch data
[2023-07-03T05:41:21.142Z] Waiting for writing date to sheet...
[2023-07-03T05:41:21.781Z] Successfully fetch data
[2023-07-03T05:41:21.781Z] 13521000 has submited part a
[2023-07-03T05:41:21.789Z] New Request from 13521000
[2023-07-03T05:41:22.393Z] Successfully fetch data
[2023-07-03T05:41:22.393Z] NIM 13521000 already submitted
[2023-07-03T05:41:22.401Z] New Request from 13521000
[2023-07-03T05:41:23.009Z] Successfully fetch data
[2023-07-03T05:41:23.009Z] NIM 13521000 already submitted
[2023-07-03T05:41:23.021Z] New Request from 13521000
[2023-07-03T05:41:23.649Z] Successfully fetch data
[2023-07-03T05:41:23.649Z] NIM 13521000 already submitted
[2023-07-03T05:41:23.659Z] New Request from 13521000
[2023-07-03T05:41:24.257Z] Successfully fetch data
[2023-07-03T05:41:24.258Z] NIM 13521000 already submitted
[2023-07-03T05:41:24.268Z] New Request from 13521000
[2023-07-03T05:41:24.859Z] Successfully fetch data
[2023-07-03T05:41:24.860Z] NIM 13521000 already submitted
[2023-07-03T05:41:24.872Z] New Request from 13521000
[2023-07-03T05:41:25.476Z] Successfully fetch data
[2023-07-03T05:41:25.476Z] NIM 13521000 already submitted
[2023-07-03T05:41:25.485Z] New Request from 13521000
[2023-07-03T05:41:26.066Z] Successfully fetch data
[2023-07-03T05:41:26.066Z] NIM 13521000 already submitted
[2023-07-03T05:41:26.079Z] New Request from 13521000
[2023-07-03T05:41:26.677Z] Successfully fetch data
[2023-07-03T05:41:26.677Z] NIM 13521000 already submitted
[2023-07-03T05:41:26.688Z] New Request from 13521000
[2023-07-03T05:41:27.232Z] Successfully fetch data
[2023-07-03T05:41:27.232Z] NIM 13521000 already submitted
[2023-07-03T05:41:27.239Z] New Request from 13521000
[2023-07-03T05:41:27.837Z] Successfully fetch data
[2023-07-03T05:41:27.837Z] NIM 13521000 already submitted
[2023-07-03T05:41:27.843Z] New Request from 13521000
[2023-07-03T05:41:28.457Z] Successfully fetch data
[2023-07-03T05:41:28.457Z] NIM 13521000 already submitted
[2023-07-03T05:41:28.464Z] New Request from 13521000
[2023-07-03T05:41:29.069Z] Successfully fetch data
[2023-07-03T05:41:29.069Z] NIM 13521000 already submitted
[2023-07-03T05:41:29.079Z] New Request from 13521000
[2023-07-03T05:41:29.668Z] Successfully fetch data
[2023-07-03T05:41:29.668Z] NIM 13521000 already submitted
[2023-07-03T05:41:29.676Z] New Request from 13521000
[2023-07-03T05:41:30.256Z] Successfully fetch data
[2023-07-03T05:41:30.256Z] NIM 13521000 already submitted
[2023-07-03T05:41:30.263Z] New Request from 13521000
[2023-07-03T05:41:30.903Z] Successfully fetch data
[2023-07-03T05:41:30.903Z] NIM 13521000 already submitted
[2023-07-03T05:41:30.912Z] New Request from 13521000
[2023-07-03T05:41:31.472Z] Successfully fetch data
[2023-07-03T05:41:31.472Z] NIM 13521000 already submitted
[2023-07-03T05:41:31.480Z] New Request from 13521000
[2023-07-03T05:41:32.042Z] Successfully fetch data
[2023-07-03T05:41:32.042Z] NIM 13521000 already submitted
[2023-07-03T05:41:32.052Z] New Request from 13521000
[2023-07-03T05:41:32.644Z] Successfully fetch data
[2023-07-03T05:41:32.644Z] NIM 13521000 already submitted
[2023-07-03T05:41:32.653Z] New Request from 13521000
[2023-07-03T05:41:33.150Z] Successfully fetch data
[2023-07-03T05:41:33.150Z] NIM 13521000 already submitted
[2023-07-03T05:41:33.162Z] New Request from 13521000
[2023-07-03T05:41:33.740Z] Successfully fetch data
[2023-07-03T05:41:33.740Z] NIM 13521000 already submitted
[2023-07-03T05:41:33.748Z] New Request from 13521000
[2023-07-03T05:41:34.318Z] Successfully fetch data
[2023-07-03T05:41:34.319Z] NIM 13521000 already submitted
[2023-07-03T05:41:34.331Z] New Request from 13521000
[2023-07-03T05:41:34.889Z] Successfully fetch data
[2023-07-03T05:41:34.889Z] NIM 13521000 already submitted
[2023-07-03T05:41:34.897Z] New Request from 13521000
[2023-07-03T05:41:35.533Z] Successfully fetch data
[2023-07-03T05:41:35.533Z] NIM 13521000 already submitted
[2023-07-03T05:41:35.543Z] New Request from 13521000
[2023-07-03T05:41:36.110Z] Successfully fetch data
[2023-07-03T05:41:36.110Z] NIM 13521000 already submitted
[2023-07-03T05:41:36.121Z] New Request from 13521000
[2023-07-03T05:41:36.683Z] Successfully fetch data
[2023-07-03T05:41:36.684Z] NIM 13521000 already submitted
[2023-07-03T05:41:36.691Z] New Request from 13521000
[2023-07-03T05:41:37.245Z] Successfully fetch data
[2023-07-03T05:41:37.245Z] NIM 13521000 already submitted
[2023-07-03T05:41:37.253Z] New Request from 13521000
[2023-07-03T05:41:37.829Z] Successfully fetch data
[2023-07-03T05:41:37.829Z] NIM 13521000 already submitted
[2023-07-03T05:41:37.840Z] New Request from 13521000
[2023-07-03T05:41:38.407Z] Successfully fetch data
[2023-07-03T05:41:38.407Z] NIM 13521000 already submitted
[2023-07-03T05:41:38.420Z] New Request from 13521000
[2023-07-03T05:41:38.994Z] Successfully fetch data
[2023-07-03T05:41:38.994Z] NIM 13521000 already submitted
[2023-07-03T05:41:39.002Z] New Request from 13521000
[2023-07-03T05:41:39.608Z] Successfully fetch data
[2023-07-03T05:41:39.608Z] NIM 13521000 already submitted
[2023-07-03T05:41:39.621Z] New Request from 13521000
[2023-07-03T05:41:40.265Z] Successfully fetch data
[2023-07-03T05:41:40.266Z] NIM 13521000 already submitted
[2023-07-03T05:41:40.276Z] New Request from 13521000
[2023-07-03T05:41:40.875Z] Successfully fetch data
[2023-07-03T05:41:40.875Z] NIM 13521000 already submitted
[2023-07-03T05:41:40.887Z] New Request from 13521000
[2023-07-03T05:41:41.469Z] Successfully fetch data
[2023-07-03T05:41:41.469Z] NIM 13521000 already submitted
[2023-07-03T05:41:41.479Z] New Request from 13521000
[2023-07-03T05:41:42.079Z] Successfully fetch data
[2023-07-03T05:41:42.079Z] NIM 13521000 already submitted
[2023-07-03T05:41:42.091Z] New Request from 13521000
[2023-07-03T05:41:42.670Z] Successfully fetch data
[2023-07-03T05:41:42.670Z] NIM 13521000 already submitted
[2023-07-03T05:41:42.681Z] New Request from 13521000
[2023-07-03T05:41:43.252Z] Successfully fetch data
[2023-07-03T05:41:43.252Z] NIM 13521000 already submitted
[2023-07-03T05:41:43.264Z] New Request from 13521000
[2023-07-03T05:41:43.830Z] Successfully fetch data
[2023-07-03T05:41:43.830Z] NIM 13521000 already submitted
[2023-07-03T05:41:43.843Z] New Request from 13521000
[2023-07-03T05:41:44.408Z] Successfully fetch data
[2023-07-03T05:41:44.408Z] NIM 13521000 already submitted
[2023-07-03T05:41:44.420Z] New Request from 13521000
[2023-07-03T05:41:45.009Z] Successfully fetch data
[2023-07-03T05:41:45.009Z] NIM 13521000 already submitted
[2023-07-03T05:41:45.018Z] New Request from 13521000
[2023-07-03T05:41:45.597Z] Successfully fetch data
[2023-07-03T05:41:45.597Z] NIM 13521000 already submitted
[2023-07-03T05:41:45.609Z] New Request from 13521000
[2023-07-03T05:41:46.071Z] Successfully fetch data
[2023-07-03T05:41:46.071Z] NIM 13521000 already submitted
[2023-07-03T05:41:46.084Z] New Request from 13521000
[2023-07-03T05:41:46.702Z] Successfully fetch data
[2023-07-03T05:41:46.702Z] NIM 13521000 already submitted
[2023-07-03T05:41:46.711Z] New Request from 13521000
[2023-07-03T05:41:47.314Z] Successfully fetch data
[2023-07-03T05:41:47.314Z] NIM 13521000 already submitted
[2023-07-03T05:41:47.324Z] New Request from 13521000
[2023-07-03T05:41:47.908Z] Successfully fetch data
[2023-07-03T05:41:47.908Z] NIM 13521000 already submitted
[2023-07-03T05:41:47.919Z] New Request from 13521000
[2023-07-03T05:41:48.465Z] Successfully fetch data
[2023-07-03T05:41:48.465Z] NIM 13521000 already submitted
[2023-07-03T05:41:48.474Z] New Request from 13521000
[2023-07-03T05:41:49.060Z] Successfully fetch data
[2023-07-03T05:41:49.061Z] NIM 13521000 already submitted
[2023-07-03T05:41:49.073Z] New Request from 13521000
[2023-07-03T05:41:49.643Z] Successfully fetch data
[2023-07-03T05:41:49.643Z] NIM 13521000 already submitted
[2023-07-03T05:41:49.655Z] New Request from 13521000
[2023-07-03T05:41:50.239Z] Successfully fetch data
[2023-07-03T05:41:50.240Z] NIM 13521000 already submitted
[2023-07-03T05:41:50.250Z] New Request from 13521000
[2023-07-03T05:41:50.833Z] Successfully fetch data
[2023-07-03T05:41:50.833Z] NIM 13521000 already submitted
